+ mkdir -p /home/drc/src/github.com/docker-brew-debian/jessie-x32/rootfs
+ debootstrap --variant=minbase --components=main --include=inetutils-ping,iproute2 --arch=x32 --no-check-gpg jessie /home/drc/src/github.com/docker-brew-debian/jessie-x32/rootfs http://ftp.debian-x32.org/debian /usr/share/debootstrap/scripts/jessie
I: Retrieving Release 
I: Validating Packages 
I: Resolving dependencies of required packages...
I: Resolving dependencies of base packages...
I: Found additional required dependencies: acl adduser cpio dmsetup init-system-helpers initramfs-tools insserv klibc-utils kmod libaudit-common libaudit1 libbz2-1.0 libcap2 libcap2-bin libcryptsetup4 libdb5.3 libdbus-1-3 libdebconfclient0 libdevmapper1.02.1 libdrm2 libgcrypt20 libgpg-error0 libklibc libkmod2 libncursesw5 libnih-dbus1 libnih1 libpcre3 libpng12-0 libprocps3 libsemanage-common libsemanage1 libslang2 libsystemd0 libudev1 libustr-1.0-1 makedev plymouth procps systemd systemd-sysv udev 
I: Found additional base dependencies: debian-archive-keyring gnupg gpgv libapt-pkg4.12 libreadline6 libstdc++6 libusb-0.1-4 netbase readline-common 
I: Checking component main on http://ftp.debian-x32.org/debian...
I: Validating acl 2.2.52-2
I: Retrieving adduser 3.113+nmu3
I: Validating adduser 3.113+nmu3
I: Validating apt 1.0.9.8
I: Validating base-files 8+deb8u1
I: Validating base-passwd 3.5.37
I: Validating bash 4.3-11+b1
I: Validating bsdutils 1:2.25.2-6
I: Validating coreutils 8.23-4
I: Validating cpio 2.11+dfsg-4.1
I: Validating dash 0.5.7-4+b1
I: Validating debconf 1.5.56
I: Validating debconf-i18n 1.5.56
I: Validating debian-archive-keyring 2014.3+x32
I: Validating debianutils 4.4+b1
I: Validating diffutils 1:3.3-1+b1
I: Validating dmsetup 2:1.02.90-2.2
I: Validating dpkg 1.17.25
I: Validating e2fslibs 1.42.12-1.1
I: Validating e2fsprogs 1.42.12-1.1
I: Validating findutils 4.4.2-9+b1
I: Validating gcc-4.8-base 4.8.4-1
I: Validating gcc-4.9-base 4.9.2-10
I: Validating gnupg 1.4.18-7
I: Validating gpgv 1.4.18-7
I: Validating grep 2.20-4.1
I: Validating gzip 1.6-4
I: Validating hostname 3.15
I: Validating inetutils-ping 2:1.9.2.39.3a460-3
I: Validating init 1.22
I: Validating init-system-helpers 1.22
I: Validating initramfs-tools 0.120
I: Validating initscripts 2.88dsf-59
I: Validating insserv 1.14.0-5
I: Validating iproute2 3.16.0-2
I: Validating klibc-utils 2.0.4-2+x32
I: Validating kmod 18-3
I: Validating libacl1 2.2.52-2
I: Validating libapt-pkg4.12 1.0.9.8
I: Validating libattr1 1:2.4.47-2
I: Validating libaudit-common 1:2.4-1
I: Validating libaudit1 1:2.4-1+b1
I: Validating libblkid1 2.25.2-6
I: Validating libbz2-1.0 1.0.6-7+b3
I: Validating libc-bin 2.19-18
I: Validating libc6 2.19-18
I: Validating libcap2 1:2.24-8
I: Validating libcap2-bin 1:2.24-8
I: Validating libcomerr2 1.42.12-1.1
I: Validating libcryptsetup4 2:1.6.6-5
I: Validating libdb5.3 5.3.28-9
I: Validating libdbus-1-3 1.8.18-0+deb8u1
I: Validating libdebconfclient0 0.192
I: Validating libdevmapper1.02.1 2:1.02.90-2.2
I: Validating libdrm2 2.4.58-2
I: Validating libgcc1 1:4.9.2-10
I: Validating libgcrypt20 1.6.3-2
I: Validating libgpg-error0 1.17-3
I: Validating libklibc 2.0.4-2+x32
I: Validating libkmod2 18-3
I: Validating liblocale-gettext-perl 1.05-8+b1
I: Validating liblzma5 5.1.1alpha+20120614-2+b3
I: Validating libmount1 2.25.2-6
I: Validating libncurses5 5.9+20140913-1+b1
I: Validating libncursesw5 5.9+20140913-1+b1
I: Validating libnih-dbus1 1.0.3-4.3
I: Retrieving libnih1 1.0.3-4.3
I: Validating libnih1 1.0.3-4.3
I: Validating libpam-modules 1.1.8-3.1
I: Validating libpam-modules-bin 1.1.8-3.1
I: Validating libpam-runtime 1.1.8-3.1
I: Validating libpam0g 1.1.8-3.1
I: Retrieving libpcre3 2:8.35-3.3+x32
I: Validating libpcre3 2:8.35-3.3+x32
I: Validating libpng12-0 1.2.50-2+b2
I: Validating libprocps3 2:3.3.9-9
I: Validating libreadline6 6.3-8+b3
I: Validating libselinux1 2.3-2
I: Validating libsemanage-common 2.3-1
I: Validating libsemanage1 2.3-1+b1
I: Validating libsepol1 2.3-2
I: Validating libslang2 2.3.0-2
I: Validating libsmartcols1 2.25.2-6
I: Validating libss2 1.42.12-1.1
I: Validating libstdc++6 4.9.2-10
I: Validating libsystemd0 215-17+deb8u1
I: Validating libtext-charwidth-perl 0.04-7+b3
I: Validating libtext-iconv-perl 1.7-5+b2
I: Validating libtext-wrapi18n-perl 0.06-7
I: Validating libtinfo5 5.9+20140913-1+b1
I: Validating libudev1 215-17+deb8u1
I: Validating libusb-0.1-4 2:0.1.12-25
I: Validating libustr-1.0-1 1.0.4-3+b2
I: Validating libuuid1 2.25.2-6
I: Validating login 1:4.2-3
I: Validating lsb-base 4.1+Debian13+nmu1
I: Validating makedev 2.3.1-93
I: Validating mawk 1.3.3-17
I: Validating mount 2.25.2-6
I: Validating mountall 2.54
I: Validating multiarch-support 2.19-18
I: Validating ncurses-base 5.9+20140913-1
I: Validating ncurses-bin 5.9+20140913-1+b1
I: Validating netbase 5.3
I: Validating passwd 1:4.2-3
I: Validating perl-base 5.20.2-3+deb8u1
I: Validating plymouth 0.9.0-9
I: Validating procps 2:3.3.9-9
I: Validating readline-common 6.3-8
I: Validating sed 4.2.2-4+b1
I: Validating sensible-utils 0.0.9
I: Validating startpar 0.59-3
I: Validating systemd 215-17+deb8u1
I: Validating systemd-sysv 215-17+deb8u1
I: Validating sysv-rc 2.88dsf-59
I: Validating sysvinit-utils 2.88dsf-59
I: Validating tar 1.27.1-2+b1
I: Validating tzdata 2015d-0+deb8u1
I: Validating udev 215-17+deb8u1
I: Validating util-linux 2.25.2-6
I: Validating zlib1g 1:1.2.8.dfsg-2+b1
I: Chosen extractor for .deb packages: dpkg-deb
I: Extracting acl...
I: Extracting adduser...
I: Extracting base-files...
I: Extracting base-passwd...
I: Extracting bash...
I: Extracting bsdutils...
I: Extracting coreutils...
I: Extracting cpio...
I: Extracting dash...
I: Extracting debconf...
I: Extracting debconf-i18n...
I: Extracting debianutils...
I: Extracting diffutils...
I: Extracting dmsetup...
I: Extracting dpkg...
I: Extracting e2fslibs...
I: Extracting e2fsprogs...
I: Extracting findutils...
I: Extracting gcc-4.8-base...
I: Extracting gcc-4.9-base...
I: Extracting grep...
I: Extracting gzip...
I: Extracting hostname...
I: Extracting init...
I: Extracting init-system-helpers...
I: Extracting initramfs-tools...
I: Extracting initscripts...
I: Extracting insserv...
I: Extracting klibc-utils...
I: Extracting kmod...
I: Extracting libacl1...
I: Extracting libattr1...
I: Extracting libaudit-common...
I: Extracting libaudit1...
I: Extracting libblkid1...
I: Extracting libbz2-1.0...
I: Extracting libc-bin...
I: Extracting libc6...
I: Extracting libcap2...
I: Extracting libcap2-bin...
I: Extracting libcomerr2...
I: Extracting libcryptsetup4...
I: Extracting libdb5.3...
I: Extracting libdbus-1-3...
I: Extracting libdebconfclient0...
I: Extracting libdevmapper1.02.1...
I: Extracting libdrm2...
I: Extracting libgcc1...
I: Extracting libgcrypt20...
I: Extracting libgpg-error0...
I: Extracting libklibc...
I: Extracting libkmod2...
I: Extracting liblocale-gettext-perl...
I: Extracting liblzma5...
I: Extracting libmount1...
I: Extracting libncurses5...
I: Extracting libncursesw5...
I: Extracting libnih-dbus1...
I: Extracting libnih1...
I: Extracting libpam-modules...
I: Extracting libpam-modules-bin...
I: Extracting libpam-runtime...
I: Extracting libpam0g...
I: Extracting libpcre3...
I: Extracting libpng12-0...
I: Extracting libprocps3...
I: Extracting libselinux1...
I: Extracting libsemanage-common...
I: Extracting libsemanage1...
I: Extracting libsepol1...
I: Extracting libslang2...
I: Extracting libsmartcols1...
I: Extracting libss2...
I: Extracting libsystemd0...
I: Extracting libtext-charwidth-perl...
I: Extracting libtext-iconv-perl...
I: Extracting libtext-wrapi18n-perl...
I: Extracting libtinfo5...
I: Extracting libudev1...
I: Extracting libustr-1.0-1...
I: Extracting libuuid1...
I: Extracting login...
I: Extracting lsb-base...
I: Extracting makedev...
I: Extracting mawk...
I: Extracting mount...
I: Extracting mountall...
I: Extracting multiarch-support...
I: Extracting ncurses-base...
I: Extracting ncurses-bin...
I: Extracting passwd...
I: Extracting perl-base...
I: Extracting plymouth...
I: Extracting procps...
I: Extracting sed...
I: Extracting sensible-utils...
I: Extracting startpar...
I: Extracting systemd...
I: Extracting systemd-sysv...
I: Extracting sysv-rc...
I: Extracting sysvinit-utils...
I: Extracting tar...
I: Extracting tzdata...
I: Extracting udev...
I: Extracting util-linux...
I: Extracting zlib1g...
I: Installing core packages...
I: Unpacking required packages...
I: Unpacking acl...
I: Unpacking adduser...
I: Unpacking base-files...
I: Unpacking base-passwd...
I: Unpacking bash...
I: Unpacking bsdutils...
I: Unpacking coreutils...
I: Unpacking cpio...
I: Unpacking dash...
I: Unpacking debconf...
I: Unpacking debconf-i18n...
I: Unpacking debianutils...
I: Unpacking diffutils...
I: Unpacking dmsetup...
I: Unpacking dpkg...
I: Unpacking e2fslibs:x32...
I: Unpacking e2fsprogs...
I: Unpacking findutils...
I: Unpacking gcc-4.8-base:x32...
I: Unpacking gcc-4.9-base:x32...
I: Unpacking grep...
I: Unpacking gzip...
I: Unpacking hostname...
I: Unpacking init...
I: Unpacking init-system-helpers...
I: Unpacking initramfs-tools...
I: Unpacking initscripts...
I: Unpacking insserv...
I: Unpacking klibc-utils...
I: Unpacking kmod...
I: Unpacking libacl1:x32...
I: Unpacking libattr1:x32...
I: Unpacking libaudit-common...
I: Unpacking libaudit1:x32...
I: Unpacking libblkid1:x32...
I: Unpacking libbz2-1.0:x32...
I: Unpacking libc-bin...
I: Unpacking libc6:x32...
I: Unpacking libcap2:x32...
I: Unpacking libcap2-bin...
I: Unpacking libcomerr2:x32...
I: Unpacking libcryptsetup4:x32...
I: Unpacking libdb5.3:x32...
I: Unpacking libdbus-1-3:x32...
I: Unpacking libdebconfclient0:x32...
I: Unpacking libdevmapper1.02.1:x32...
I: Unpacking libdrm2:x32...
I: Unpacking libgcc1:x32...
I: Unpacking libgcrypt20:x32...
I: Unpacking libgpg-error0:x32...
I: Unpacking libklibc...
I: Unpacking libkmod2:x32...
I: Unpacking liblocale-gettext-perl...
I: Unpacking liblzma5:x32...
I: Unpacking libmount1:x32...
I: Unpacking libncurses5:x32...
I: Unpacking libncursesw5:x32...
I: Unpacking libnih-dbus1...
I: Unpacking libnih1...
I: Unpacking libpam-modules:x32...
I: Unpacking libpam-modules-bin...
I: Unpacking libpam-runtime...
I: Unpacking libpam0g:x32...
I: Unpacking libpcre3:x32...
I: Unpacking libpng12-0:x32...
I: Unpacking libprocps3:x32...
I: Unpacking libselinux1:x32...
I: Unpacking libsemanage-common...
I: Unpacking libsemanage1:x32...
I: Unpacking libsepol1:x32...
I: Unpacking libslang2:x32...
I: Unpacking libsmartcols1:x32...
I: Unpacking libss2:x32...
I: Unpacking libsystemd0:x32...
I: Unpacking libtext-charwidth-perl...
I: Unpacking libtext-iconv-perl...
I: Unpacking libtext-wrapi18n-perl...
I: Unpacking libtinfo5:x32...
I: Unpacking libudev1:x32...
I: Unpacking libustr-1.0-1:x32...
I: Unpacking libuuid1:x32...
I: Unpacking login...
I: Unpacking lsb-base...
I: Unpacking makedev...
I: Unpacking mawk...
I: Unpacking mount...
I: Unpacking mountall...
I: Unpacking multiarch-support...
I: Unpacking ncurses-base...
I: Unpacking ncurses-bin...
I: Unpacking passwd...
I: Unpacking perl-base...
I: Unpacking plymouth...
I: Unpacking procps...
I: Unpacking sed...
I: Unpacking sensible-utils...
I: Unpacking startpar...
I: Unpacking systemd...
I: Unpacking systemd-sysv...
I: Unpacking sysv-rc...
I: Unpacking sysvinit-utils...
I: Unpacking tar...
I: Unpacking tzdata...
I: Unpacking udev...
I: Unpacking util-linux...
I: Unpacking zlib1g:x32...
I: Configuring required packages...
I: Configuring gcc-4.8-base:x32...
I: Configuring libklibc...
I: Configuring lsb-base...
I: Configuring sensible-utils...
I: Configuring ncurses-base...
I: Configuring libsemanage-common...
I: Configuring gcc-4.9-base:x32...
I: Configuring libaudit-common...
I: Configuring klibc-utils...
I: Configuring libc6:x32...
I: Configuring startpar...
I: Configuring diffutils...
I: Configuring insserv...
I: Configuring findutils...
I: Configuring libnih1...
I: Configuring cpio...
I: Configuring debianutils...
I: Configuring hostname...
I: Configuring multiarch-support...
I: Configuring mawk...
I: Configuring libprocps3:x32...
I: Configuring libpcre3:x32...
I: Configuring libbz2-1.0:x32...
I: Configuring libkmod2:x32...
I: Configuring libdrm2:x32...
I: Configuring libgpg-error0:x32...
I: Configuring base-files...
I: Configuring libdebconfclient0:x32...
I: Configuring libselinux1:x32...
I: Configuring libcomerr2:x32...
I: Configuring libslang2:x32...
I: Configuring libsepol1:x32...
I: Configuring libdbus-1-3:x32...
I: Configuring libgcc1:x32...
I: Configuring libustr-1.0-1:x32...
I: Configuring libnih-dbus1...
I: Configuring libsmartcols1:x32...
I: Configuring libaudit1:x32...
I: Configuring libtinfo5:x32...
I: Configuring libudev1:x32...
I: Configuring kmod...
I: Configuring libattr1:x32...
I: Configuring libss2:x32...
I: Configuring liblzma5:x32...
I: Configuring base-passwd...
I: Configuring e2fslibs:x32...
I: Configuring libgcrypt20:x32...
I: Configuring libncursesw5:x32...
I: Configuring libdb5.3:x32...
I: Configuring zlib1g:x32...
I: Configuring libcap2:x32...
I: Configuring libsystemd0:x32...
I: Configuring libdevmapper1.02.1:x32...
I: Configuring libpng12-0:x32...
I: Configuring libc-bin...
I: Configuring libsemanage1:x32...
I: Configuring sysvinit-utils...
I: Configuring libacl1:x32...
I: Configuring ncurses-bin...
I: Configuring acl...
I: Configuring libncurses5:x32...
I: Configuring makedev...
I: Configuring libcap2-bin...
I: Configuring bsdutils...
I: Configuring coreutils...
I: Configuring tar...
I: Configuring dpkg...
I: Configuring sed...
I: Configuring perl-base...
I: Configuring grep...
I: Configuring debconf...
I: Configuring tzdata...
I: Configuring gzip...
I: Configuring dash...
I: Configuring init-system-helpers...
I: Configuring libtext-iconv-perl...
I: Configuring sysv-rc...
I: Configuring liblocale-gettext-perl...
I: Configuring libtext-charwidth-perl...
I: Configuring libpam0g:x32...
I: Configuring initscripts...
I: Configuring libpam-modules-bin...
I: Configuring bash...
I: Configuring procps...
I: Configuring libtext-wrapi18n-perl...
I: Configuring libpam-modules:x32...
I: Configuring libpam-runtime...
I: Configuring debconf-i18n...
I: Configuring passwd...
I: Configuring login...
I: Configuring adduser...
I: Configuring libuuid1:x32...
I: Configuring libblkid1:x32...
I: Configuring libmount1:x32...
I: Configuring util-linux...
I: Configuring libcryptsetup4:x32...
I: Configuring mount...
I: Configuring e2fsprogs...
I: Configuring udev...
I: Configuring systemd...
I: Configuring dmsetup...
I: Configuring systemd-sysv...
I: Configuring initramfs-tools...
I: Configuring plymouth...
I: Configuring mountall...
I: Configuring init...
I: Configuring libc-bin...
I: Configuring initramfs-tools...
I: Unpacking the base system...
I: Unpacking apt...
I: Unpacking debian-archive-keyring...
I: Unpacking gnupg...
I: Unpacking gpgv...
I: Unpacking inetutils-ping...
I: Unpacking iproute2...
I: Unpacking libapt-pkg4.12:x32...
I: Unpacking libreadline6:x32...
I: Unpacking libstdc++6:x32...
I: Unpacking libusb-0.1-4:x32...
I: Unpacking netbase...
I: Unpacking readline-common...
I: Configuring the base system...
I: Configuring readline-common...
I: Configuring gpgv...
I: Configuring iproute2...
I: Configuring debian-archive-keyring...
I: Configuring libstdc++6:x32...
I: Configuring libapt-pkg4.12:x32...
I: Configuring libusb-0.1-4:x32...
I: Configuring libreadline6:x32...
I: Configuring netbase...
I: Configuring inetutils-ping...
I: Configuring gnupg...
I: Configuring apt...
I: Configuring libc-bin...
I: Base system installed successfully.
+ echo exit 101 > '/home/drc/src/github.com/docker-brew-debian/jessie-x32/rootfs/usr/sbin/policy-rc.d'
+ rootfs_chroot dpkg-divert --local --rename --add /sbin/initctl
+ PATH=/usr/local/sbin:/usr/local/bin:/usr/sbin:/usr/bin:/sbin:/bin
+ /usr/sbin/chroot /home/drc/src/github.com/docker-brew-debian/jessie-x32/rootfs dpkg-divert --local --rename --add /sbin/initctl
Adding 'local diversion of /sbin/initctl to /sbin/initctl.distrib'
+ cp -a /home/drc/src/github.com/docker-brew-debian/jessie-x32/rootfs/usr/sbin/policy-rc.d /home/drc/src/github.com/docker-brew-debian/jessie-x32/rootfs/sbin/initctl
+ sed -i 's/^exit.*/exit 0/' /home/drc/src/github.com/docker-brew-debian/jessie-x32/rootfs/sbin/initctl
+ rootfs_chroot apt-get clean
+ PATH=/usr/local/sbin:/usr/local/bin:/usr/sbin:/usr/bin:/sbin:/bin
+ /usr/sbin/chroot /home/drc/src/github.com/docker-brew-debian/jessie-x32/rootfs apt-get clean
+ echo force-unsafe-io > '/home/drc/src/github.com/docker-brew-debian/jessie-x32/rootfs/etc/dpkg/dpkg.cfg.d/docker-apt-speedup'
+ cat > '/home/drc/src/github.com/docker-brew-debian/jessie-x32/rootfs/etc/apt/apt.conf.d/docker-clean'
+ echo Acquire::Languages 'none' > '/home/drc/src/github.com/docker-brew-debian/jessie-x32/rootfs/etc/apt/apt.conf.d/docker-no-languages'
+ echo Acquire::GzipIndexes 'true' > '/home/drc/src/github.com/docker-brew-debian/jessie-x32/rootfs/etc/apt/apt.conf.d/docker-gzip-indexes'
+ echo Apt::AutoRemove::SuggestsImportant 'false' > '/home/drc/src/github.com/docker-brew-debian/jessie-x32/rootfs/etc/apt/apt.conf.d/docker-autoremove-suggests'
+ rootfs_chroot sh -xc 'apt-get update && apt-get dist-upgrade -y'
+ PATH=/usr/local/sbin:/usr/local/bin:/usr/sbin:/usr/bin:/sbin:/bin
+ /usr/sbin/chroot /home/drc/src/github.com/docker-brew-debian/jessie-x32/rootfs sh -xc 'apt-get update && apt-get dist-upgrade -y'
+ apt-get update
Get:1 http://ftp.debian-x32.org jessie InRelease [11.4 kB]
Get:2 http://ftp.debian-x32.org jessie/main x32 Packages [11.7 MB]
Fetched 11.7 MB in 9s (1224 kB/s)
Reading package lists...
+ apt-get dist-upgrade -y
Reading package lists...
Building dependency tree...
0 upgraded, 0 newly installed, 0 to remove and 0 not upgraded.
+ rm -rf /home/drc/src/github.com/docker-brew-debian/jessie-x32/rootfs/var/lib/apt/lists/ftp.debian-x32.org_debian_dists_jessie_InRelease /home/drc/src/github.com/docker-brew-debian/jessie-x32/rootfs/var/lib/apt/lists/ftp.debian-x32.org_debian_dists_jessie_main_binary-x32_Packages.gz /home/drc/src/github.com/docker-brew-debian/jessie-x32/rootfs/var/lib/apt/lists/lock /home/drc/src/github.com/docker-brew-debian/jessie-x32/rootfs/var/lib/apt/lists/partial
+ mkdir /home/drc/src/github.com/docker-brew-debian/jessie-x32/rootfs/var/lib/apt/lists/partial
+ tar --numeric-owner --create --auto-compress --file /home/drc/src/github.com/docker-brew-debian/jessie-x32/rootfs.tar.xz --directory /home/drc/src/github.com/docker-brew-debian/jessie-x32/rootfs '--transform=s,^./,,' .
+ cat > '/home/drc/src/github.com/docker-brew-debian/jessie-x32/Dockerfile'
+ echo 'CMD ["/bin/bash"]'
+ rm -rf /home/drc/src/github.com/docker-brew-debian/jessie-x32/rootfs
